
> @prestaya/web@0.1.0 build /Users/joaquindelvecchio/Documents/prestaYa/apps/web
> next build

  ▲ Next.js 14.2.7

   Creating an optimized production build ...
 ✓ Compiled successfully
   Skipping linting
   Checking validity of types ...
   Collecting page data ...
   Generating static pages (0/15) ...
   Generating static pages (3/15) 
   Generating static pages (7/15) 
   Generating static pages (11/15) 
 ✓ Generating static pages (15/15)
   Finalizing page optimization ...
   Collecting build traces ...

Route (app)                              Size     First Load JS
┌ ○ /                                    145 B          87.2 kB
├ ○ /_not-found                          872 B            88 kB
├ ƒ /api/auth/mock                       0 B                0 B
├ ƒ /api/mock/loans                      0 B                0 B
├ ƒ /api/mock/loans/[id]/charge          0 B                0 B
├ ○ /api/mock/payments                   0 B                0 B
├ ○ /api/mock/summary                    0 B                0 B
├ ○ /api/mock/users                      0 B                0 B
├ ƒ /arqueo                              145 B          87.2 kB
├ ○ /charge                              3.25 kB        90.3 kB
├ ƒ /dashboard                           173 B            94 kB
├ ○ /dashboard/loans/create              3.07 kB        90.2 kB
├ ○ /login                               1.77 kB        88.9 kB
└ ƒ /usuarios                            145 B          87.2 kB
+ First Load JS shared by all            87.1 kB
  ├ chunks/262-b7b98fb329bfb326.js       31.6 kB
  ├ chunks/db00c963-67f46d2877b3d43d.js  53.6 kB
  └ other shared chunks (total)          1.89 kB


○  (Static)   prerendered as static content
ƒ  (Dynamic)  server-rendered on demand

